{"C:\\Users\\adeol\\Documents\\Dev_Challenges\\Full_Stack_Developer\\catwiki\\catwiki-express-be\\app.ts": {"path":"C:\\Users\\adeol\\Documents\\Dev_Challenges\\Full_Stack_Developer\\catwiki\\catwiki-express-be\\app.ts","statementMap":{"0":{"start":{"line":1,"column":0},"end":{"line":1,"column":67}},"1":{"start":{"line":3,"column":0},"end":{"line":3,"column":28}},"2":{"start":{"line":4,"column":0},"end":{"line":4,"column":38}},"3":{"start":{"line":5,"column":0},"end":{"line":5,"column":41}},"4":{"start":{"line":7,"column":0},"end":{"line":7,"column":51}},"5":{"start":{"line":9,"column":12},"end":{"line":9,"column":21}},"6":{"start":{"line":10,"column":0},"end":{"line":10,"column":23}},"7":{"start":{"line":11,"column":0},"end":{"line":11,"column":24}},"8":{"start":{"line":12,"column":0},"end":{"line":12,"column":49}},"9":{"start":{"line":13,"column":0},"end":{"line":13,"column":24}},"10":{"start":{"line":16,"column":0},"end":{"line":18,"column":3}},"11":{"start":{"line":17,"column":1},"end":{"line":17,"column":77}},"12":{"start":{"line":19,"column":0},"end":{"line":19,"column":34}},"13":{"start":{"line":22,"column":0},"end":{"line":24,"column":3}},"14":{"start":{"line":23,"column":1},"end":{"line":23,"column":24}},"15":{"start":{"line":27,"column":0},"end":{"line":36,"column":3}},"16":{"start":{"line":29,"column":1},"end":{"line":29,"column":34}},"17":{"start":{"line":30,"column":1},"end":{"line":30,"column":68}},"18":{"start":{"line":34,"column":1},"end":{"line":34,"column":31}},"19":{"start":{"line":35,"column":1},"end":{"line":35,"column":52}},"20":{"start":{"line":39,"column":0},"end":{"line":39,"column":19}}},"fnMap":{"0":{"name":"(anonymous_1)","decl":{"start":{"line":16,"column":18},"end":{"line":16,"column":19}},"loc":{"start":{"line":16,"column":50},"end":{"line":18,"column":1}}},"1":{"name":"(anonymous_2)","decl":{"start":{"line":22,"column":8},"end":{"line":22,"column":18}},"loc":{"start":{"line":22,"column":65},"end":{"line":24,"column":1}}},"2":{"name":"(anonymous_3)","decl":{"start":{"line":27,"column":8},"end":{"line":27,"column":18}},"loc":{"start":{"line":27,"column":75},"end":{"line":36,"column":1}}}},"branchMap":{"0":{"loc":{"start":{"line":30,"column":20},"end":{"line":30,"column":67}},"type":"cond-expr","locations":[{"start":{"line":30,"column":59},"end":{"line":30,"column":62}},{"start":{"line":30,"column":65},"end":{"line":30,"column":67}}]},"1":{"loc":{"start":{"line":34,"column":12},"end":{"line":34,"column":29}},"type":"binary-expr","locations":[{"start":{"line":34,"column":12},"end":{"line":34,"column":22}},{"start":{"line":34,"column":26},"end":{"line":34,"column":29}}]}},"s":{"0":1,"1":1,"2":1,"3":1,"4":1,"5":1,"6":1,"7":1,"8":1,"9":1,"10":1,"11":0,"12":1,"13":1,"14":0,"15":1,"16":4,"17":4,"18":4,"19":4,"20":1},"f":{"0":0,"1":0,"2":4},"b":{"0":[0,4],"1":[4,4]}}
,"C:\\Users\\adeol\\Documents\\Dev_Challenges\\Full_Stack_Developer\\catwiki\\catwiki-express-be\\controllers\\catwiki.controller.ts": {"path":"C:\\Users\\adeol\\Documents\\Dev_Challenges\\Full_Stack_Developer\\catwiki\\catwiki-express-be\\controllers\\catwiki.controller.ts","statementMap":{"0":{"start":{"line":3,"column":0},"end":{"line":3,"column":70}},"1":{"start":{"line":4,"column":0},"end":{"line":4,"column":78}},"2":{"start":{"line":7,"column":26},"end":{"line":37,"column":2}},"3":{"start":{"line":11,"column":4},"end":{"line":37,"column":2}},"4":{"start":{"line":12,"column":1},"end":{"line":36,"column":null}},"5":{"start":{"line":13,"column":18},"end":{"line":13,"column":64}},"6":{"start":{"line":15,"column":2},"end":{"line":20,"column":null}},"7":{"start":{"line":16,"column":3},"end":{"line":19,"column":6}},"8":{"start":{"line":22,"column":27},"end":{"line":22,"column":47}},"9":{"start":{"line":24,"column":37},"end":{"line":24,"column":39}},"10":{"start":{"line":25,"column":2},"end":{"line":27,"column":5}},"11":{"start":{"line":26,"column":3},"end":{"line":26,"column":47}},"12":{"start":{"line":29,"column":2},"end":{"line":32,"column":5}},"13":{"start":{"line":35,"column":2},"end":{"line":35,"column":21}},"14":{"start":{"line":7,"column":13},"end":{"line":7,"column":26}},"15":{"start":{"line":39,"column":30},"end":{"line":78,"column":2}},"16":{"start":{"line":43,"column":4},"end":{"line":78,"column":2}},"17":{"start":{"line":44,"column":1},"end":{"line":77,"column":null}},"18":{"start":{"line":46,"column":24},"end":{"line":46,"column":71}},"19":{"start":{"line":48,"column":2},"end":{"line":53,"column":null}},"20":{"start":{"line":49,"column":3},"end":{"line":52,"column":6}},"21":{"start":{"line":55,"column":33},"end":{"line":55,"column":59}},"22":{"start":{"line":58,"column":23},"end":{"line":58,"column":67}},"23":{"start":{"line":60,"column":2},"end":{"line":65,"column":null}},"24":{"start":{"line":61,"column":3},"end":{"line":64,"column":6}},"25":{"start":{"line":68,"column":43},"end":{"line":68,"column":68}},"26":{"start":{"line":69,"column":2},"end":{"line":69,"column":48}},"27":{"start":{"line":71,"column":2},"end":{"line":74,"column":5}},"28":{"start":{"line":76,"column":2},"end":{"line":76,"column":21}},"29":{"start":{"line":39,"column":13},"end":{"line":39,"column":30}},"30":{"start":{"line":80,"column":29},"end":{"line":104,"column":2}},"31":{"start":{"line":84,"column":4},"end":{"line":104,"column":2}},"32":{"start":{"line":85,"column":1},"end":{"line":103,"column":null}},"33":{"start":{"line":86,"column":23},"end":{"line":86,"column":67}},"34":{"start":{"line":88,"column":2},"end":{"line":93,"column":null}},"35":{"start":{"line":89,"column":3},"end":{"line":92,"column":6}},"36":{"start":{"line":95,"column":43},"end":{"line":95,"column":68}},"37":{"start":{"line":97,"column":2},"end":{"line":100,"column":5}},"38":{"start":{"line":102,"column":2},"end":{"line":102,"column":21}},"39":{"start":{"line":80,"column":13},"end":{"line":80,"column":29}},"40":{"start":{"line":106,"column":29},"end":{"line":136,"column":2}},"41":{"start":{"line":110,"column":4},"end":{"line":136,"column":2}},"42":{"start":{"line":111,"column":1},"end":{"line":135,"column":null}},"43":{"start":{"line":112,"column":18},"end":{"line":112,"column":67}},"44":{"start":{"line":114,"column":2},"end":{"line":119,"column":null}},"45":{"start":{"line":115,"column":3},"end":{"line":118,"column":6}},"46":{"start":{"line":121,"column":27},"end":{"line":121,"column":47}},"47":{"start":{"line":123,"column":36},"end":{"line":123,"column":38}},"48":{"start":{"line":124,"column":2},"end":{"line":126,"column":5}},"49":{"start":{"line":125,"column":3},"end":{"line":125,"column":49}},"50":{"start":{"line":128,"column":2},"end":{"line":131,"column":5}},"51":{"start":{"line":134,"column":2},"end":{"line":134,"column":21}},"52":{"start":{"line":106,"column":13},"end":{"line":106,"column":29}}},"fnMap":{"0":{"name":"(anonymous_7)","decl":{"start":{"line":7,"column":26},"end":{"line":7,"column":null}},"loc":{"start":{"line":11,"column":4},"end":{"line":37,"column":2}}},"1":{"name":"(anonymous_8)","decl":{"start":{"line":11,"column":4},"end":{"line":11,"column":null}},"loc":{"start":{"line":11,"column":4},"end":{"line":37,"column":1}}},"2":{"name":"(anonymous_9)","decl":{"start":{"line":25,"column":22},"end":{"line":25,"column":23}},"loc":{"start":{"line":25,"column":39},"end":{"line":27,"column":3}}},"3":{"name":"(anonymous_10)","decl":{"start":{"line":39,"column":30},"end":{"line":39,"column":null}},"loc":{"start":{"line":43,"column":4},"end":{"line":78,"column":2}}},"4":{"name":"(anonymous_11)","decl":{"start":{"line":43,"column":4},"end":{"line":43,"column":null}},"loc":{"start":{"line":43,"column":4},"end":{"line":78,"column":1}}},"5":{"name":"(anonymous_12)","decl":{"start":{"line":80,"column":29},"end":{"line":80,"column":null}},"loc":{"start":{"line":84,"column":4},"end":{"line":104,"column":2}}},"6":{"name":"(anonymous_13)","decl":{"start":{"line":84,"column":4},"end":{"line":84,"column":null}},"loc":{"start":{"line":84,"column":4},"end":{"line":104,"column":1}}},"7":{"name":"(anonymous_14)","decl":{"start":{"line":106,"column":29},"end":{"line":106,"column":null}},"loc":{"start":{"line":110,"column":4},"end":{"line":136,"column":2}}},"8":{"name":"(anonymous_15)","decl":{"start":{"line":110,"column":4},"end":{"line":110,"column":null}},"loc":{"start":{"line":110,"column":4},"end":{"line":136,"column":1}}},"9":{"name":"(anonymous_16)","decl":{"start":{"line":124,"column":22},"end":{"line":124,"column":23}},"loc":{"start":{"line":124,"column":39},"end":{"line":126,"column":3}}}},"branchMap":{"0":{"loc":{"start":{"line":15,"column":2},"end":{"line":20,"column":null}},"type":"if","locations":[{"start":{"line":15,"column":2},"end":{"line":20,"column":null}}]},"1":{"loc":{"start":{"line":48,"column":2},"end":{"line":53,"column":null}},"type":"if","locations":[{"start":{"line":48,"column":2},"end":{"line":53,"column":null}}]},"2":{"loc":{"start":{"line":60,"column":2},"end":{"line":65,"column":null}},"type":"if","locations":[{"start":{"line":60,"column":2},"end":{"line":65,"column":null}}]},"3":{"loc":{"start":{"line":88,"column":2},"end":{"line":93,"column":null}},"type":"if","locations":[{"start":{"line":88,"column":2},"end":{"line":93,"column":null}}]},"4":{"loc":{"start":{"line":114,"column":2},"end":{"line":119,"column":null}},"type":"if","locations":[{"start":{"line":114,"column":2},"end":{"line":119,"column":null}}]}},"s":{"0":1,"1":1,"2":1,"3":2,"4":2,"5":2,"6":1,"7":0,"8":1,"9":1,"10":1,"11":2,"12":1,"13":1,"14":1,"15":1,"16":2,"17":2,"18":2,"19":1,"20":0,"21":1,"22":1,"23":1,"24":0,"25":1,"26":1,"27":1,"28":1,"29":1,"30":1,"31":2,"32":2,"33":2,"34":1,"35":0,"36":1,"37":1,"38":1,"39":1,"40":1,"41":2,"42":2,"43":2,"44":1,"45":0,"46":1,"47":1,"48":1,"49":4,"50":1,"51":1,"52":1},"f":{"0":2,"1":2,"2":2,"3":2,"4":2,"5":2,"6":2,"7":2,"8":2,"9":4},"b":{"0":[0],"1":[0],"2":[0],"3":[0],"4":[0]}}
,"C:\\Users\\adeol\\Documents\\Dev_Challenges\\Full_Stack_Developer\\catwiki\\catwiki-express-be\\routes\\catwiki.route.ts": {"path":"C:\\Users\\adeol\\Documents\\Dev_Challenges\\Full_Stack_Developer\\catwiki\\catwiki-express-be\\routes\\catwiki.route.ts","statementMap":{"0":{"start":{"line":1,"column":0},"end":{"line":1,"column":30}},"1":{"start":{"line":2,"column":0},"end":{"line":2,"column":null}},"2":{"start":{"line":9,"column":15},"end":{"line":9,"column":31}},"3":{"start":{"line":11,"column":0},"end":{"line":11,"column":34}},"4":{"start":{"line":12,"column":0},"end":{"line":12,"column":46}},"5":{"start":{"line":13,"column":0},"end":{"line":13,"column":44}},"6":{"start":{"line":14,"column":0},"end":{"line":14,"column":40}},"7":{"start":{"line":16,"column":0},"end":{"line":16,"column":22}}},"fnMap":{},"branchMap":{},"s":{"0":1,"1":1,"2":1,"3":1,"4":1,"5":1,"6":1,"7":1},"f":{},"b":{}}
,"C:\\Users\\adeol\\Documents\\Dev_Challenges\\Full_Stack_Developer\\catwiki\\catwiki-express-be\\services\\catwiki.service.ts": {"path":"C:\\Users\\adeol\\Documents\\Dev_Challenges\\Full_Stack_Developer\\catwiki\\catwiki-express-be\\services\\catwiki.service.ts","statementMap":{"0":{"start":{"line":1,"column":16},"end":{"line":1,"column":41}},"1":{"start":{"line":3,"column":25},"end":{"line":39,"column":2}},"2":{"start":{"line":3,"column":74},"end":{"line":39,"column":2}},"3":{"start":{"line":4,"column":1},"end":{"line":38,"column":null}},"4":{"start":{"line":5,"column":2},"end":{"line":35,"column":null}},"5":{"start":{"line":6,"column":16},"end":{"line":13,"column":null}},"6":{"start":{"line":15,"column":3},"end":{"line":15,"column":15}},"7":{"start":{"line":16,"column":9},"end":{"line":35,"column":null}},"8":{"start":{"line":17,"column":16},"end":{"line":24,"column":null}},"9":{"start":{"line":26,"column":3},"end":{"line":26,"column":15}},"10":{"start":{"line":28,"column":16},"end":{"line":33,"column":5}},"11":{"start":{"line":34,"column":3},"end":{"line":34,"column":15}},"12":{"start":{"line":37,"column":2},"end":{"line":37,"column":51}},"13":{"start":{"line":3,"column":13},"end":{"line":3,"column":25}},"14":{"start":{"line":41,"column":28},"end":{"line":64,"column":2}},"15":{"start":{"line":44,"column":4},"end":{"line":64,"column":2}},"16":{"start":{"line":45,"column":1},"end":{"line":63,"column":null}},"17":{"start":{"line":46,"column":15},"end":{"line":57,"column":null}},"18":{"start":{"line":60,"column":2},"end":{"line":60,"column":14}},"19":{"start":{"line":62,"column":2},"end":{"line":62,"column":51}},"20":{"start":{"line":41,"column":13},"end":{"line":41,"column":28}}},"fnMap":{"0":{"name":"(anonymous_7)","decl":{"start":{"line":3,"column":25},"end":{"line":3,"column":32}},"loc":{"start":{"line":3,"column":74},"end":{"line":39,"column":2}}},"1":{"name":"(anonymous_8)","decl":{"start":{"line":3,"column":74},"end":{"line":3,"column":null}},"loc":{"start":{"line":3,"column":74},"end":{"line":39,"column":1}}},"2":{"name":"(anonymous_9)","decl":{"start":{"line":41,"column":28},"end":{"line":41,"column":null}},"loc":{"start":{"line":44,"column":4},"end":{"line":64,"column":2}}},"3":{"name":"(anonymous_10)","decl":{"start":{"line":44,"column":4},"end":{"line":44,"column":null}},"loc":{"start":{"line":44,"column":4},"end":{"line":64,"column":1}}}},"branchMap":{"0":{"loc":{"start":{"line":1,"column":16},"end":{"line":1,"column":41}},"type":"binary-expr","locations":[{"start":{"line":1,"column":16},"end":{"line":1,"column":35}},{"start":{"line":1,"column":39},"end":{"line":1,"column":41}}]},"1":{"loc":{"start":{"line":5,"column":2},"end":{"line":35,"column":null}},"type":"if","locations":[{"start":{"line":5,"column":2},"end":{"line":35,"column":null}},{"start":{"line":16,"column":9},"end":{"line":35,"column":null}}]},"2":{"loc":{"start":{"line":16,"column":9},"end":{"line":35,"column":null}},"type":"if","locations":[{"start":{"line":16,"column":9},"end":{"line":35,"column":null}},{"start":{"line":27,"column":9},"end":{"line":35,"column":null}}]}},"s":{"0":1,"1":1,"2":6,"3":6,"4":6,"5":2,"6":1,"7":4,"8":2,"9":1,"10":2,"11":1,"12":3,"13":1,"14":1,"15":3,"16":3,"17":3,"18":2,"19":1,"20":1},"f":{"0":6,"1":6,"2":3,"3":3},"b":{"0":[1,1],"1":[2,4],"2":[2,2]}}
,"C:\\Users\\adeol\\Documents\\Dev_Challenges\\Full_Stack_Developer\\catwiki\\catwiki-express-be\\utils\\helper_func.ts": {"path":"C:\\Users\\adeol\\Documents\\Dev_Challenges\\Full_Stack_Developer\\catwiki\\catwiki-express-be\\utils\\helper_func.ts","statementMap":{"0":{"start":{"line":1,"column":33},"end":{"line":20,"column":1}},"1":{"start":{"line":2,"column":1},"end":{"line":19,"column":3}},"2":{"start":{"line":1,"column":13},"end":{"line":1,"column":33}},"3":{"start":{"line":22,"column":35},"end":{"line":27,"column":1}},"4":{"start":{"line":23,"column":1},"end":{"line":26,"column":3}},"5":{"start":{"line":22,"column":13},"end":{"line":22,"column":35}},"6":{"start":{"line":29,"column":13},"end":{"line":78,"column":2}},"7":{"start":{"line":80,"column":13},"end":{"line":97,"column":2}},"8":{"start":{"line":99,"column":13},"end":{"line":112,"column":2}}},"fnMap":{"0":{"name":"(anonymous_0)","decl":{"start":{"line":1,"column":33},"end":{"line":1,"column":34}},"loc":{"start":{"line":1,"column":52},"end":{"line":20,"column":1}}},"1":{"name":"(anonymous_1)","decl":{"start":{"line":22,"column":35},"end":{"line":22,"column":36}},"loc":{"start":{"line":22,"column":54},"end":{"line":27,"column":1}}}},"branchMap":{},"s":{"0":1,"1":3,"2":1,"3":1,"4":4,"5":1,"6":1,"7":1,"8":1},"f":{"0":3,"1":4},"b":{}}
}
