TN:
SF:app.ts
FN:16,(anonymous_1)
FN:22,(anonymous_2)
FN:27,(anonymous_3)
FNF:3
FNH:1
FNDA:0,(anonymous_1)
FNDA:0,(anonymous_2)
FNDA:4,(anonymous_3)
DA:1,1
DA:3,1
DA:4,1
DA:5,1
DA:7,1
DA:9,1
DA:10,1
DA:11,1
DA:12,1
DA:13,1
DA:16,1
DA:17,0
DA:19,1
DA:22,1
DA:23,0
DA:27,1
DA:29,4
DA:30,4
DA:34,4
DA:35,4
DA:39,1
LF:21
LH:19
BRDA:30,0,0,0
BRDA:30,0,1,4
BRDA:34,1,0,4
BRDA:34,1,1,4
BRF:4
BRH:3
end_of_record
TN:
SF:controllers\catwiki.controller.ts
FN:7,(anonymous_7)
FN:11,(anonymous_8)
FN:25,(anonymous_9)
FN:39,(anonymous_10)
FN:43,(anonymous_11)
FN:80,(anonymous_12)
FN:84,(anonymous_13)
FN:106,(anonymous_14)
FN:110,(anonymous_15)
FN:124,(anonymous_16)
FNF:10
FNH:10
FNDA:2,(anonymous_7)
FNDA:2,(anonymous_8)
FNDA:2,(anonymous_9)
FNDA:2,(anonymous_10)
FNDA:2,(anonymous_11)
FNDA:2,(anonymous_12)
FNDA:2,(anonymous_13)
FNDA:2,(anonymous_14)
FNDA:2,(anonymous_15)
FNDA:4,(anonymous_16)
DA:3,1
DA:4,1
DA:7,1
DA:11,2
DA:12,2
DA:13,2
DA:15,1
DA:16,0
DA:22,1
DA:24,1
DA:25,1
DA:26,2
DA:29,1
DA:35,1
DA:39,1
DA:43,2
DA:44,2
DA:46,2
DA:48,1
DA:49,0
DA:55,1
DA:58,1
DA:60,1
DA:61,0
DA:68,1
DA:69,1
DA:71,1
DA:76,1
DA:80,1
DA:84,2
DA:85,2
DA:86,2
DA:88,1
DA:89,0
DA:95,1
DA:97,1
DA:102,1
DA:106,1
DA:110,2
DA:111,2
DA:112,2
DA:114,1
DA:115,0
DA:121,1
DA:123,1
DA:124,1
DA:125,4
DA:128,1
DA:134,1
LF:49
LH:44
BRDA:15,0,0,0
BRDA:48,1,0,0
BRDA:60,2,0,0
BRDA:88,3,0,0
BRDA:114,4,0,0
BRF:5
BRH:0
end_of_record
TN:
SF:routes\catwiki.route.ts
FNF:0
FNH:0
DA:1,1
DA:2,1
DA:9,1
DA:11,1
DA:12,1
DA:13,1
DA:14,1
DA:16,1
LF:8
LH:8
BRF:0
BRH:0
end_of_record
TN:
SF:services\catwiki.service.ts
FN:3,(anonymous_7)
FN:3,(anonymous_8)
FN:41,(anonymous_9)
FN:44,(anonymous_10)
FNF:4
FNH:4
FNDA:6,(anonymous_7)
FNDA:6,(anonymous_8)
FNDA:3,(anonymous_9)
FNDA:3,(anonymous_10)
DA:1,1
DA:3,6
DA:4,6
DA:5,6
DA:6,2
DA:15,1
DA:16,4
DA:17,2
DA:26,1
DA:28,2
DA:34,1
DA:37,3
DA:41,1
DA:44,3
DA:45,3
DA:46,3
DA:60,2
DA:62,1
LF:18
LH:18
BRDA:1,0,0,1
BRDA:1,0,1,1
BRDA:5,1,0,2
BRDA:5,1,1,4
BRDA:16,2,0,2
BRDA:16,2,1,2
BRF:6
BRH:6
end_of_record
TN:
SF:utils\helper_func.ts
FN:1,(anonymous_0)
FN:22,(anonymous_1)
FNF:2
FNH:2
FNDA:3,(anonymous_0)
FNDA:4,(anonymous_1)
DA:1,1
DA:2,3
DA:22,1
DA:23,4
DA:29,1
DA:80,1
DA:99,1
LF:7
LH:7
BRF:0
BRH:0
end_of_record
